SF:lib/core/errors/failure.dart
DA:4,2
DA:8,1
DA:9,1
DA:13,1
DA:14,1
LF:5
LH:5
end_of_record
SF:lib/core/network/network_info.dart
DA:10,0
DA:12,0
DA:13,0
LF:3
LH:0
end_of_record
SF:lib/features/number_trivia/data/datasources/number_trivia_local_datasource.dart
DA:27,0
DA:30,0
DA:31,0
DA:33,0
DA:35,0
DA:41,0
DA:42,0
DA:44,0
LF:8
LH:0
end_of_record
SF:lib/features/number_trivia/data/datasources/number_trivia_remote_datasource.dart
DA:26,0
DA:28,0
DA:29,0
DA:30,0
DA:31,0
DA:33,0
DA:38,0
DA:39,0
DA:43,0
DA:44,0
LF:10
LH:0
end_of_record
SF:lib/features/number_trivia/data/models/number_trivia_model.dart
DA:4,1
DA:7,1
DA:9,0
DA:10,0
DA:11,0
DA:12,0
DA:16,0
DA:17,0
DA:18,0
DA:19,0
LF:10
LH:2
end_of_record
SF:lib/features/number_trivia/data/repositories/number_trivia_repository_impl.dart
DA:22,1
DA:29,1
DA:31,2
DA:32,3
DA:36,1
DA:37,2
DA:38,3
DA:41,1
DA:43,3
DA:45,2
DA:46,2
DA:47,1
DA:48,1
DA:49,2
DA:54,3
DA:55,1
DA:56,1
DA:57,2
LF:18
LH:18
end_of_record
SF:lib/features/number_trivia/domain/entities/number_trivia.dart
DA:9,1
DA:14,0
DA:15,0
LF:3
LH:1
end_of_record
