SF:lib/core/errors/failure.dart
DA:4,2
DA:8,1
DA:9,1
DA:13,0
DA:14,0
LF:5
LH:3
end_of_record
SF:lib/features/number_trivia/data/models/number_trivia_model.dart
DA:4,1
DA:7,1
DA:9,0
DA:10,0
DA:11,0
DA:12,0
DA:16,0
DA:17,0
DA:18,0
DA:19,0
LF:10
LH:2
end_of_record
SF:lib/features/number_trivia/data/repositories/number_trivia_repository_impl.dart
DA:16,1
DA:23,1
DA:24,2
DA:26,3
DA:27,2
DA:28,1
DA:29,1
DA:30,2
DA:35,0
DA:37,0
LF:10
LH:8
end_of_record
SF:lib/features/number_trivia/domain/entities/number_trivia.dart
DA:9,1
DA:14,0
DA:15,0
LF:3
LH:1
end_of_record
